<?xml version="1.0" encoding="UTF-8"?>
<!-- Generated by org.testng.reporters.JUnitReportReporter -->
<testsuite hostname="LAPTOP-I2MVIV59" failures="1" tests="4" name="CucumberOptions.TestNGTestRunner" time="57.950" errors="0" timestamp="2023-12-21T14:38:58 IST" skipped="0">
  <testcase classname="CucumberOptions.TestNGTestRunner" name="runScenario" time="15.876"/>
  <testcase classname="CucumberOptions.TestNGTestRunner" name="runScenario" time="13.950">
    <failure message="expected [No data] but found [Cucumber]" type="java.lang.AssertionError">
      <![CDATA[java.lang.AssertionError: expected [No data] but found [Cucumber]
at org.testng.Assert.fail(Assert.java:111)
at org.testng.Assert.failNotEquals(Assert.java:1578)
at org.testng.Assert.assertEqualsImpl(Assert.java:150)
at org.testng.Assert.assertEquals(Assert.java:132)
at org.testng.Assert.assertEquals(Assert.java:656)
at org.testng.Assert.assertEquals(Assert.java:666)
at stepDefinition.OfferPageStepDefinition2.compare_name_on_offerPage_LandingPage(OfferPageStepDefinition2.java:52)
at ✽.validate product name in offer page matched with landing page(file:///C:/Users/Sankalp/eclipse-workspace/Cucumber_Framework/src/test/java/features/searchProduct.feature:9)
]]>
    </failure>
  </testcase> <!-- runScenario -->
  <testcase classname="CucumberOptions.TestNGTestRunner" name="runScenario" time="13.994"/>
  <testcase classname="CucumberOptions.TestNGTestRunner" name="runScenario" time="14.130"/>
</testsuite> <!-- CucumberOptions.TestNGTestRunner -->
